<?xml version="1.0" encoding="UTF-8"?>
<!-- Generated by org.testng.reporters.JUnitReportReporter -->
<testsuite hostname="DESKTOP-I8D5UAE" failures="0" tests="2" name="com.asses.runner.TestsRunner" time="16.354" errors="0" timestamp="2023-04-20T00:45:04 IST" skipped="0">
  <testcase classname="com.asses.runner.TestsRunner" name="runScenario" time="10.360"/>
  <system-out/>
  <testcase classname="com.asses.runner.TestsRunner" name="runScenario" time="5.994"/>
  <system-out/>
</testsuite> <!-- com.asses.runner.TestsRunner -->
